/home/miki/poly$ /usr/bin/python2 setup.py sdist --formats=zip --dist-dir .tox/dist >.tox/log/0.log
running sdist
running egg_info
writing poly.egg-info/PKG-INFO
writing top-level names to poly.egg-info/top_level.txt
writing dependency_links to poly.egg-info/dependency_links.txt
reading manifest file 'poly.egg-info/SOURCES.txt'
writing manifest file 'poly.egg-info/SOURCES.txt'
warning: sdist: standard file not found: should have one of README, README.txt

creating poly-0.1
creating poly-0.1/poly
creating poly-0.1/poly.egg-info
making hard links in poly-0.1...
hard linking setup.py -> poly-0.1
hard linking poly/__init__.py -> poly-0.1/poly
hard linking poly/core.py -> poly-0.1/poly
hard linking poly.egg-info/PKG-INFO -> poly-0.1/poly.egg-info
hard linking poly.egg-info/SOURCES.txt -> poly-0.1/poly.egg-info
hard linking poly.egg-info/dependency_links.txt -> poly-0.1/poly.egg-info
hard linking poly.egg-info/top_level.txt -> poly-0.1/poly.egg-info
Writing poly-0.1/setup.cfg
creating '.tox/dist/poly-0.1.zip' and adding 'poly-0.1' to it
adding 'poly-0.1/setup.cfg'
adding 'poly-0.1/PKG-INFO'
adding 'poly-0.1/setup.py'
adding 'poly-0.1/poly.egg-info/dependency_links.txt'
adding 'poly-0.1/poly.egg-info/PKG-INFO'
adding 'poly-0.1/poly.egg-info/SOURCES.txt'
adding 'poly-0.1/poly.egg-info/top_level.txt'
adding 'poly-0.1/poly/__init__.py'
adding 'poly-0.1/poly/core.py'
removing 'poly-0.1' (and everything under it)
